<?xml version="1.0" encoding="UTF-8"?>
<!-- Generated by org.testng.reporters.JUnitReportReporter -->
<testsuite hostname="FVFHXH05Q6LR" failures="0" tests="1" name="Runner" time="29.175" errors="0" timestamp="2023-05-22T16:03:28 IST" skipped="0">
  <testcase classname="Runner" name="runScenario" time="29.175"/>
  <system-out/>
</testsuite> <!-- Runner -->
